<?xml version="1.0" encoding="UTF-8"?>
<!-- Generated by org.testng.reporters.JUnitXMLReporter -->
<testsuite ignored="1" hostname="irfan.mshome.net" failures="1" tests="1" name="Login Test" time="6.558" errors="0" timestamp="2025-07-07T22:53:58 CEST">
  <testcase classname="com.parabank.tests.LoginTest" name="testValidLogin" time="1.54">
    <failure type="java.lang.AssertionError" message="https://parabank.parasoft.com/parabank/overview.htm expected:&amp;lt;https://parabank.parasoft.com/parabank/overview.htm&amp;gt; but was:&amp;lt;Login failed!&amp;gt;">
      <![CDATA[java.lang.AssertionError: https://parabank.parasoft.com/parabank/overview.htm expected:<https://parabank.parasoft.com/parabank/overview.htm> but was:<Login failed!>
at com.parabank.tests.LoginTest.testValidLogin(LoginTest.java:26)
at java.base/java.util.ArrayList.forEach(ArrayList.java:1597)
... Removed 26 stack frames]]>
    </failure>
  </testcase> <!-- testValidLogin -->
  <testcase classname="com.parabank.tests.LoginTest" name="testInvalidLogin" time="0.0">
    <ignored/>
  </testcase> <!-- testInvalidLogin -->
</testsuite> <!-- Login Test -->
