<?xml version="1.0" encoding="UTF-8"?>
<testng-results ignored="0" total="1" passed="1" failed="0" skipped="0">
  <reporter-output>
  </reporter-output>
  <suite started-at="2025-07-08T23:47:31 CEST" name="Suite" finished-at="2025-07-08T23:47:37 CEST" duration-ms="5423">
    <groups>
    </groups>
    <test started-at="2025-07-08T23:47:31 CEST" name="Test" finished-at="2025-07-08T23:47:37 CEST" duration-ms="5423">
      <class name="com.parabank.tests.FindTransactionsTest">
        <test-method is-config="true" signature="setUp()[pri:0, instance:com.parabank.tests.FindTransactionsTest@140c9f39]" started-at="2025-07-08T23:47:31 CEST" name="setUp" finished-at="2025-07-08T23:47:35 CEST" duration-ms="3648" status="PASS">
          <reporter-output>
          </reporter-output>
        </test-method> <!-- setUp -->
        <test-method is-config="true" signature="setUpTest(org.testng.ITestResult)[pri:0, instance:com.parabank.tests.FindTransactionsTest@140c9f39]" started-at="2025-07-08T23:47:35 CEST" name="setUpTest" finished-at="2025-07-08T23:47:35 CEST" duration-ms="2" status="PASS">
          <params>
            <param index="0">
              <value>
                <![CDATA[[TestResult name={null} status=CREATED method=FindTransactionsTest.testFindTransactionsFeature()[pri:0, instance:com.parabank.tests.FindTransactionsTest@140c9f39] output={null}]]]>
              </value>
            </param>
          </params>
          <reporter-output>
          </reporter-output>
        </test-method> <!-- setUpTest -->
        <test-method signature="testFindTransactionsFeature()[pri:0, instance:com.parabank.tests.FindTransactionsTest@140c9f39]" started-at="2025-07-08T23:47:35 CEST" name="testFindTransactionsFeature" finished-at="2025-07-08T23:47:36 CEST" duration-ms="1615" status="PASS">
          <reporter-output>
          </reporter-output>
        </test-method> <!-- testFindTransactionsFeature -->
        <test-method is-config="true" signature="tearDown()[pri:0, instance:com.parabank.tests.FindTransactionsTest@140c9f39]" started-at="2025-07-08T23:47:36 CEST" name="tearDown" finished-at="2025-07-08T23:47:37 CEST" duration-ms="110" status="PASS">
          <reporter-output>
          </reporter-output>
        </test-method> <!-- tearDown -->
      </class> <!-- com.parabank.tests.FindTransactionsTest -->
    </test> <!-- Test -->
  </suite> <!-- Suite -->
</testng-results>
