<?xml version="1.0" encoding="UTF-8"?>
<testng-results ignored="0" total="1" passed="1" failed="0" skipped="0">
  <reporter-output>
  </reporter-output>
  <suite started-at="2025-07-04T14:51:59 CEST" name="Default suite" finished-at="2025-07-04T14:52:14 CEST" duration-ms="15369">
    <groups>
      <group name="cucumber">
        <method signature="AbstractTestNGCucumberTests.runScenario(io.cucumber.testng.PickleWrapper,io.cucumber.testng.FeatureWrapper)[pri:0, instance:testRunner.Runner@77f1baf5]" name="runScenario" class="io.cucumber.testng.AbstractTestNGCucumberTests"/>
      </group> <!-- cucumber -->
    </groups>
    <test started-at="2025-07-04T14:51:59 CEST" name="Default test" finished-at="2025-07-04T14:52:14 CEST" duration-ms="15369">
      <class name="testRunner.Runner">
        <test-method is-config="true" signature="setUpClass(org.testng.ITestContext)[pri:0, instance:testRunner.Runner@77f1baf5]" started-at="2025-07-04T14:51:59 CEST" name="setUpClass" finished-at="2025-07-04T14:51:59 CEST" duration-ms="176" status="PASS">
          <params>
            <param index="0">
              <value>
                <![CDATA[org.testng.TestRunner@47b2e9e1]]>
              </value>
            </param>
          </params>
          <reporter-output>
          </reporter-output>
        </test-method> <!-- setUpClass -->
        <test-method signature="runScenario(io.cucumber.testng.PickleWrapper,io.cucumber.testng.FeatureWrapper)[pri:0, instance:testRunner.Runner@77f1baf5]" started-at="2025-07-04T14:51:59 CEST" name="runScenario" description="Runs Cucumber Scenarios" data-provider="scenarios" finished-at="2025-07-04T14:52:14 CEST" duration-ms="15153" status="PASS">
          <params>
            <param index="0">
              <value>
                <![CDATA["Add to cart"]]>
              </value>
            </param>
            <param index="1">
              <value>
                <![CDATA["Bookcart Application tests"]]>
              </value>
            </param>
          </params>
          <reporter-output>
          </reporter-output>
        </test-method> <!-- runScenario -->
        <test-method is-config="true" signature="tearDownClass()[pri:0, instance:testRunner.Runner@77f1baf5]" started-at="2025-07-04T14:52:14 CEST" name="tearDownClass" finished-at="2025-07-04T14:52:14 CEST" duration-ms="3" status="PASS">
          <reporter-output>
          </reporter-output>
        </test-method> <!-- tearDownClass -->
      </class> <!-- testRunner.Runner -->
    </test> <!-- Default test -->
  </suite> <!-- Default suite -->
</testng-results>
